This is TeX, Version 3.14159 (C version 6.1) (format=latex 96.9.26)  2 MAY 2000 20:10
**thesis
(/usr/lib/teTeX/texmf/tex/latex/tools/h.tex
LaTeX2e <1996/06/01>
Hyphenation patterns for english, german, loaded.

!The file name provided could not be found.
Use `<enter>' to continue processing,
`S' to scroll further errors
or `X' to terminate TeX
! .
l.30 \errmessage{}
                  
? q
OK, entering \batchmode...
)
! Emergency stop.
<*> thesis
          
*** (job aborted, no legal \end found)

 
Here is how much of TeX's memory you used:
 4 strings out of 10910
 54 string characters out of 72327
 42399 words of memory out of 262141
 2975 multiletter control sequences out of 9500
 3640 words of font info for 14 fonts, out of 150000 for 255
 14 hyphenation exceptions out of 607
 5i,0n,1p,81b,7s stack positions out of 300i,40n,60p,3000b,4000s
No pages of output.
